<?xml version="1.0" encoding="UTF-8"?>
<testsuite name="com.h2Database.demo.DemoApplicationTests" tests="1" skipped="0" failures="0" errors="0" timestamp="2022-01-05T23:45:05" hostname="DESKTOP-EODC91M" time="0.19">
  <properties/>
  <testcase name="contextLoads()" classname="com.h2Database.demo.DemoApplicationTests" time="0.19"/>
  <system-out><![CDATA[20:44:58.601 [Test worker] DEBUG org.springframework.test.context.BootstrapUtils - Instantiating CacheAwareContextLoaderDelegate from class [org.springframework.test.context.cache.DefaultCacheAwareContextLoaderDelegate]
20:44:58.618 [Test worker] DEBUG org.springframework.test.context.BootstrapUtils - Instantiating BootstrapContext using constructor [public org.springframework.test.context.support.DefaultBootstrapContext(java.lang.Class,org.springframework.test.context.CacheAwareContextLoaderDelegate)]
20:44:58.672 [Test worker] DEBUG org.springframework.test.context.BootstrapUtils - Instantiating TestContextBootstrapper for test class [com.h2Database.demo.DemoApplicationTests] from class [org.springframework.boot.test.context.SpringBootTestContextBootstrapper]
20:44:58.690 [Test worker] INFO org.springframework.boot.test.context.SpringBootTestContextBootstrapper - Neither @ContextConfiguration nor @ContextHierarchy found for test class [com.h2Database.demo.DemoApplicationTests], using SpringBootContextLoader
20:44:58.697 [Test worker] DEBUG org.springframework.test.context.support.AbstractContextLoader - Did not detect default resource location for test class [com.h2Database.demo.DemoApplicationTests]: class path resource [com/h2Database/demo/DemoApplicationTests-context.xml] does not exist
20:44:58.698 [Test worker] DEBUG org.springframework.test.context.support.AbstractContextLoader - Did not detect default resource location for test class [com.h2Database.demo.DemoApplicationTests]: class path resource [com/h2Database/demo/DemoApplicationTestsContext.groovy] does not exist
20:44:58.698 [Test worker] INFO org.springframework.test.context.support.AbstractContextLoader - Could not detect default resource locations for test class [com.h2Database.demo.DemoApplicationTests]: no resource found for suffixes {-context.xml, Context.groovy}.
20:44:58.699 [Test worker] INFO org.springframework.test.context.support.AnnotationConfigContextLoaderUtils - Could not detect default configuration classes for test class [com.h2Database.demo.DemoApplicationTests]: DemoApplicationTests does not declare any static, non-private, non-final, nested classes annotated with @Configuration.
20:44:58.772 [Test worker] DEBUG org.springframework.test.context.support.ActiveProfilesUtils - Could not find an 'annotation declaring class' for annotation type [org.springframework.test.context.ActiveProfiles] and class [com.h2Database.demo.DemoApplicationTests]
20:44:58.861 [Test worker] DEBUG org.springframework.context.annotation.ClassPathScanningCandidateComponentProvider - Identified candidate component class: file [C:\Users\yuri\IdeaProjects\spring-boot-project-integration-H2-database\build\classes\java\main\com\h2Database\demo\DemoApplication.class]
20:44:58.863 [Test worker] INFO org.springframework.boot.test.context.SpringBootTestContextBootstrapper - Found @SpringBootConfiguration com.h2Database.demo.DemoApplication for test class com.h2Database.demo.DemoApplicationTests
20:44:59.016 [Test worker] DEBUG org.springframework.boot.test.context.SpringBootTestContextBootstrapper - @TestExecutionListeners is not present for class [com.h2Database.demo.DemoApplicationTests]: using defaults.
20:44:59.017 [Test worker] INFO org.springframework.boot.test.context.SpringBootTestContextBootstrapper - Loaded default TestExecutionListener class names from location [META-INF/spring.factories]: [org.springframework.boot.test.autoconfigure.restdocs.RestDocsTestExecutionListener, org.springframework.boot.test.autoconfigure.web.client.MockRestServiceServerResetTestExecutionListener, org.springframework.boot.test.autoconfigure.web.servlet.MockMvcPrintOnlyOnFailureTestExecutionListener, org.springframework.boot.test.autoconfigure.web.servlet.WebDriverTestExecutionListener, org.springframework.boot.test.autoconfigure.webservices.client.MockWebServiceServerTestExecutionListener, org.springframework.boot.test.mock.mockito.MockitoTestExecutionListener, org.springframework.boot.test.mock.mockito.ResetMocksTestExecutionListener, org.springframework.test.context.web.ServletTestExecutionListener, org.springframework.test.context.support.DirtiesContextBeforeModesTestExecutionListener, org.springframework.test.context.event.ApplicationEventsTestExecutionListener, org.springframework.test.context.support.DependencyInjectionTestExecutionListener, org.springframework.test.context.support.DirtiesContextTestExecutionListener, org.springframework.test.context.transaction.TransactionalTestExecutionListener, org.springframework.test.context.jdbc.SqlScriptsTestExecutionListener, org.springframework.test.context.event.EventPublishingTestExecutionListener]
20:44:59.041 [Test worker] INFO org.springframework.boot.test.context.SpringBootTestContextBootstrapper - Using TestExecutionListeners: [org.springframework.test.context.web.ServletTestExecutionListener@cc62a3b, org.springframework.test.context.support.DirtiesContextBeforeModesTestExecutionListener@6cc0bcf6, org.springframework.test.context.event.ApplicationEventsTestExecutionListener@29539e36, org.springframework.boot.test.mock.mockito.MockitoTestExecutionListener@32f61a31, org.springframework.boot.test.autoconfigure.SpringBootDependencyInjectionTestExecutionListener@f5c79a6, org.springframework.test.context.support.DirtiesContextTestExecutionListener@669253b7, org.springframework.test.context.transaction.TransactionalTestExecutionListener@5305c37d, org.springframework.test.context.jdbc.SqlScriptsTestExecutionListener@51a06cbe, org.springframework.test.context.event.EventPublishingTestExecutionListener@3dddbe65, org.springframework.boot.test.autoconfigure.restdocs.RestDocsTestExecutionListener@49a64d82, org.springframework.boot.test.autoconfigure.web.client.MockRestServiceServerResetTestExecutionListener@344561e0, org.springframework.boot.test.autoconfigure.web.servlet.MockMvcPrintOnlyOnFailureTestExecutionListener@66d23e4a, org.springframework.boot.test.autoconfigure.web.servlet.WebDriverTestExecutionListener@36ac8a63, org.springframework.boot.test.autoconfigure.webservices.client.MockWebServiceServerTestExecutionListener@4d9d1b69, org.springframework.boot.test.mock.mockito.ResetMocksTestExecutionListener@52c8295b]
20:44:59.046 [Test worker] DEBUG org.springframework.test.context.support.AbstractDirtiesContextTestExecutionListener - Before test class: context [DefaultTestContext@1d572e62 testClass = DemoApplicationTests, testInstance = [null], testMethod = [null], testException = [null], mergedContextConfiguration = [WebMergedContextConfiguration@29caf222 testClass = DemoApplicationTests, locations = '{}', classes = '{class com.h2Database.demo.DemoApplication}', contextInitializerClasses = '[]', activeProfiles = '{}', propertySourceLocations = '{}', propertySourceProperties = '{org.springframework.boot.test.context.SpringBootTestContextBootstrapper=true}', contextCustomizers = set[org.springframework.boot.test.autoconfigure.actuate.metrics.MetricsExportContextCustomizerFactory$DisableMetricExportContextCustomizer@abf688e, org.springframework.boot.test.autoconfigure.properties.PropertyMappingContextCustomizer@0, org.springframework.boot.test.autoconfigure.web.servlet.WebDriverContextCustomizerFactory$Customizer@6eeade6c, org.springframework.boot.test.context.filter.ExcludeFilterContextCustomizer@7756c3cd, org.springframework.boot.test.json.DuplicateJsonObjectContextCustomizerFactory$DuplicateJsonObjectContextCustomizer@16746061, org.springframework.boot.test.mock.mockito.MockitoContextCustomizer@0, org.springframework.boot.test.web.client.TestRestTemplateContextCustomizer@4febb875, org.springframework.boot.test.context.SpringBootTestArgs@1, org.springframework.boot.test.context.SpringBootTestWebEnvironment@7905a0b8], resourceBasePath = 'src/main/webapp', contextLoader = 'org.springframework.boot.test.context.SpringBootContextLoader', parent = [null]], attributes = map['org.springframework.test.context.web.ServletTestExecutionListener.activateListener' -> true]], class annotated with @DirtiesContext [false] with mode [null].
20:44:59.122 [Test worker] DEBUG org.springframework.boot.ApplicationServletEnvironment - Activating profiles []
20:44:59.123 [Test worker] DEBUG org.springframework.test.context.support.TestPropertySourceUtils - Adding inlined properties to environment: {spring.jmx.enabled=false, org.springframework.boot.test.context.SpringBootTestContextBootstrapper=true}

  .   ____          _            __ _ _
 /\\ / ___'_ __ _ _(_)_ __  __ _ \ \ \ \
( ( )\___ | '_ | '_| | '_ \/ _` | \ \ \ \
 \\/  ___)| |_)| | | | | || (_| |  ) ) ) )
  '  |____| .__|_| |_|_| |_\__, | / / / /
 =========|_|==============|___/=/_/_/_/
 :: Spring Boot ::                (v2.6.2)

2022-01-05 20:44:59.529  INFO 13852 --- [    Test worker] c.h2Database.demo.DemoApplicationTests   : Starting DemoApplicationTests using Java 11.0.11 on DESKTOP-EODC91M with PID 13852 (started by yuri in C:\Users\yuri\IdeaProjects\spring-boot-project-integration-H2-database)
2022-01-05 20:44:59.533  INFO 13852 --- [    Test worker] c.h2Database.demo.DemoApplicationTests   : No active profile set, falling back to default profiles: default
2022-01-05 20:45:00.512  INFO 13852 --- [    Test worker] .s.d.r.c.RepositoryConfigurationDelegate : Bootstrapping Spring Data JPA repositories in DEFAULT mode.
2022-01-05 20:45:00.623  INFO 13852 --- [    Test worker] .s.d.r.c.RepositoryConfigurationDelegate : Finished Spring Data repository scanning in 97 ms. Found 1 JPA repository interfaces.
2022-01-05 20:45:01.255  INFO 13852 --- [    Test worker] com.zaxxer.hikari.HikariDataSource       : HikariPool-1 - Starting...
2022-01-05 20:45:01.530  INFO 13852 --- [    Test worker] com.zaxxer.hikari.HikariDataSource       : HikariPool-1 - Start completed.
2022-01-05 20:45:01.803  INFO 13852 --- [    Test worker] o.hibernate.jpa.internal.util.LogHelper  : HHH000204: Processing PersistenceUnitInfo [name: default]
2022-01-05 20:45:01.902  INFO 13852 --- [    Test worker] org.hibernate.Version                    : HHH000412: Hibernate ORM core version 5.6.3.Final
2022-01-05 20:45:02.204  INFO 13852 --- [    Test worker] o.hibernate.annotations.common.Version   : HCANN000001: Hibernate Commons Annotations {5.1.2.Final}
2022-01-05 20:45:02.450  INFO 13852 --- [    Test worker] org.hibernate.dialect.Dialect            : HHH000400: Using dialect: org.hibernate.dialect.H2Dialect
2022-01-05 20:45:03.355  INFO 13852 --- [    Test worker] o.h.e.t.j.p.i.JtaPlatformInitiator       : HHH000490: Using JtaPlatform implementation: [org.hibernate.engine.transaction.jta.platform.internal.NoJtaPlatform]
2022-01-05 20:45:03.368  INFO 13852 --- [    Test worker] j.LocalContainerEntityManagerFactoryBean : Initialized JPA EntityManagerFactory for persistence unit 'default'
2022-01-05 20:45:04.107  WARN 13852 --- [    Test worker] JpaBaseConfiguration$JpaWebConfiguration : spring.jpa.open-in-view is enabled by default. Therefore, database queries may be performed during view rendering. Explicitly configure spring.jpa.open-in-view to disable this warning
2022-01-05 20:45:04.983  INFO 13852 --- [    Test worker] c.h2Database.demo.DemoApplicationTests   : Started DemoApplicationTests in 5.858 seconds (JVM running for 7.73)
]]></system-out>
  <system-err><![CDATA[]]></system-err>
</testsuite>
